<?xml version="1.0" encoding="UTF-8"?>
<!--
  Copyright 2007-2009 Hippo

  Licensed under the Apache License, Version 2.0 (the  "License");
  you may not use this file except in compliance with the License.
  You may obtain a copy of the License at

  http://www.apache.org/licenses/LICENSE-2.0

  Unless required by applicable law or agreed to in writing, software
  distributed under the License is distributed on an "AS IS"
  BASIS, WITHOUT WARRANTIES OR CONDITIONS OF ANY KIND, either express or implied.
  See the License for the specific language governing permissions and
  limitations under the License.
-->
<sv:node xmlns:hippo="http://www.onehippo.org/jcr/hippo/nt/2.0"
         xmlns:mix="http://www.jcp.org/jcr/mix/1.0"
         xmlns:hipposysedit="http://www.onehippo.org/jcr/hipposysedit/nt/1.0"
         xmlns:sv="http://www.jcp.org/jcr/sv/1.0"
         sv:name="test">
  <sv:property sv:name="jcr:primaryType" sv:type="Name">
    <sv:value>hipposysedit:namespace</sv:value>
  </sv:property>
  <sv:property sv:name="jcr:mixinTypes" sv:type="Name">
    <sv:value>mix:referenceable</sv:value>
  </sv:property>
  <!-- "test:test"-->
  <sv:node sv:name="test">
    <sv:property sv:name="jcr:primaryType" sv:type="Name">
      <sv:value>hipposysedit:templatetype</sv:value>
    </sv:property>
    <sv:property sv:name="jcr:mixinTypes" sv:type="Name">
      <sv:value>mix:referenceable</sv:value>
    </sv:property>
    <sv:node sv:name="hipposysedit:nodetype">
      <sv:property sv:name="jcr:primaryType" sv:type="Name">
        <sv:value>hippo:handle</sv:value>
      </sv:property>
      <sv:property sv:name="jcr:mixinTypes" sv:type="Name">
        <sv:value>hippo:hardhandle</sv:value>
      </sv:property>
      <sv:node sv:name="hipposysedit:nodetype">
        <sv:property sv:name="jcr:primaryType" sv:type="Name">
          <sv:value>hipposysedit:nodetype</sv:value>
        </sv:property>
        <sv:property sv:name="jcr:mixinTypes" sv:type="Name">
          <sv:value>hipposysedit:remodel</sv:value>
        </sv:property>
        <sv:property sv:name="hipposysedit:uri" sv:type="String">
          <sv:value>http://www.hippoecm.org/frontend/test/nt/0.1</sv:value>
        </sv:property>
        <sv:node sv:name="hipposysedit:field">
          <sv:property sv:name="jcr:primaryType" sv:type="Name">
            <sv:value>hipposysedit:field</sv:value>
          </sv:property>
          <sv:property sv:name="hipposysedit:name" sv:type="String">
            <sv:value>title</sv:value>
          </sv:property>
          <sv:property sv:name="hipposysedit:path" sv:type="String">
            <sv:value>test:title</sv:value>
          </sv:property>
          <sv:property sv:name="hipposysedit:type" sv:type="String">
            <sv:value>String</sv:value>
          </sv:property>
        </sv:node>
        <sv:node sv:name="hipposysedit:field">
          <sv:property sv:name="jcr:primaryType" sv:type="Name">
            <sv:value>hipposysedit:field</sv:value>
          </sv:property>
          <sv:property sv:name="hipposysedit:name" sv:type="String">
            <sv:value>child</sv:value>
          </sv:property>
          <sv:property sv:name="hipposysedit:path" sv:type="String">
            <sv:value>test:child</sv:value>
          </sv:property>
          <sv:property sv:name="hipposysedit:type" sv:type="String">
            <sv:value>nt:unstructured</sv:value>
          </sv:property>
        </sv:node>
      </sv:node>
    </sv:node>
  </sv:node>
  <!-- end "test:test"-->
  <!-- "test:inheriting"-->
  <sv:node sv:name="inheriting">
    <sv:property sv:name="jcr:primaryType" sv:type="Name">
      <sv:value>hipposysedit:templatetype</sv:value>
    </sv:property>
    <sv:property sv:name="jcr:mixinTypes" sv:type="Name">
      <sv:value>mix:referenceable</sv:value>
    </sv:property>
    <sv:node sv:name="hipposysedit:nodetype">
      <sv:property sv:name="jcr:primaryType" sv:type="Name">
        <sv:value>hippo:handle</sv:value>
      </sv:property>
      <sv:property sv:name="jcr:mixinTypes" sv:type="Name">
        <sv:value>hippo:hardhandle</sv:value>
      </sv:property>
      <sv:node sv:name="hipposysedit:nodetype">
        <sv:property sv:name="jcr:primaryType" sv:type="Name">
          <sv:value>hipposysedit:nodetype</sv:value>
        </sv:property>
        <sv:property sv:name="jcr:mixinTypes" sv:type="Name">
          <sv:value>hipposysedit:remodel</sv:value>
        </sv:property>
        <sv:property sv:name="hipposysedit:uri" sv:type="String">
          <sv:value>http://www.hippoecm.org/frontend/test/nt/0.1</sv:value>
        </sv:property>
        <sv:property sv:name="hipposysedit:supertype" sv:type="String">
          <sv:value>test:test</sv:value>
        </sv:property>
        <sv:node sv:name="hipposysedit:field">
          <sv:property sv:name="jcr:primaryType" sv:type="Name">
            <sv:value>hipposysedit:field</sv:value>
          </sv:property>
          <sv:property sv:name="hipposysedit:name" sv:type="String">
            <sv:value>extra</sv:value>
          </sv:property>
          <sv:property sv:name="hipposysedit:path" sv:type="String">
            <sv:value>test:extra</sv:value>
          </sv:property>
          <sv:property sv:name="hipposysedit:type" sv:type="String">
            <sv:value>String</sv:value>
          </sv:property>
        </sv:node>
      </sv:node>
    </sv:node>
  </sv:node>
  <!-- end "test:inheriting"-->
  <!-- "test:mixinTest"-->
  <sv:node sv:name="mixinTest">
    <sv:property sv:name="jcr:primaryType" sv:type="Name">
      <sv:value>hipposysedit:templatetype</sv:value>
    </sv:property>
    <sv:property sv:name="jcr:mixinTypes" sv:type="Name">
      <sv:value>mix:referenceable</sv:value>
    </sv:property>
    <sv:node sv:name="hipposysedit:nodetype">
      <sv:property sv:name="jcr:primaryType" sv:type="Name">
        <sv:value>hippo:handle</sv:value>
      </sv:property>
      <sv:property sv:name="jcr:mixinTypes" sv:type="Name">
        <sv:value>hippo:hardhandle</sv:value>
      </sv:property>
      <sv:node sv:name="hipposysedit:nodetype">
        <sv:property sv:name="jcr:primaryType" sv:type="Name">
          <sv:value>hipposysedit:nodetype</sv:value>
        </sv:property>
        <sv:property sv:name="jcr:mixinTypes" sv:type="Name">
          <sv:value>hipposysedit:remodel</sv:value>
        </sv:property>
        <sv:property sv:name="hipposysedit:uri" sv:type="String">
          <sv:value>http://www.hippoecm.org/frontend/test/nt/0.1</sv:value>
        </sv:property>
      </sv:node>
    </sv:node>
    <sv:node sv:name="hipposysedit:prototypes">
      <sv:property sv:name="jcr:primaryType" sv:type="Name">
        <sv:value>hipposysedit:prototypeset</sv:value>
      </sv:property>
      <sv:node sv:name="hipposysedit:prototype">
        <sv:property sv:name="jcr:primaryType" sv:type="Name">
          <sv:value>test:mixinTest</sv:value>
        </sv:property>
        <sv:property sv:name="jcr:mixinTypes" sv:type="Name">
          <sv:value>test:mixin</sv:value>
        </sv:property>
      </sv:node>
    </sv:node>
  </sv:node>
  <!-- end "test:mixinTest"-->
  <!-- "test:superMixinTest"-->
  <sv:node sv:name="superMixinTest">
    <sv:property sv:name="jcr:primaryType" sv:type="Name">
      <sv:value>hipposysedit:templatetype</sv:value>
    </sv:property>
    <sv:property sv:name="jcr:mixinTypes" sv:type="Name">
      <sv:value>mix:referenceable</sv:value>
    </sv:property>
    <sv:node sv:name="hipposysedit:nodetype">
      <sv:property sv:name="jcr:primaryType" sv:type="Name">
        <sv:value>hippo:handle</sv:value>
      </sv:property>
      <sv:property sv:name="jcr:mixinTypes" sv:type="Name">
        <sv:value>hippo:hardhandle</sv:value>
      </sv:property>
      <sv:node sv:name="hipposysedit:nodetype">
        <sv:property sv:name="jcr:primaryType" sv:type="Name">
          <sv:value>hipposysedit:nodetype</sv:value>
        </sv:property>
        <sv:property sv:name="jcr:mixinTypes" sv:type="Name">
          <sv:value>hipposysedit:remodel</sv:value>
        </sv:property>
        <sv:property sv:name="hipposysedit:uri" sv:type="String">
          <sv:value>http://www.hippoecm.org/frontend/test/nt/0.1</sv:value>
        </sv:property>
        <sv:property sv:name="hipposysedit:supertype" sv:type="String">
          <sv:value>hipposysedit:mixinTest</sv:value>
          <sv:value>hipposysedit:mixin</sv:value>
        </sv:property>
      </sv:node>
    </sv:node>
    <sv:node sv:name="hipposysedit:prototypes">
      <sv:property sv:name="jcr:primaryType" sv:type="Name">
        <sv:value>hipposysedit:prototypeset</sv:value>
      </sv:property>
      <sv:node sv:name="hipposysedit:prototype">
        <sv:property sv:name="jcr:primaryType" sv:type="Name">
          <sv:value>test:superMixinTest</sv:value>
        </sv:property>
      </sv:node>
    </sv:node>
  </sv:node>
  <!-- end "test:superMixinTest"-->
</sv:node>

