<?xml version="1.0" encoding="UTF-8"?>
<!--
    Copyright 2008 Hippo
    
    Licensed under the Apache License, Version 2.0 (the  "License");
    you may not use this file except in compliance with the License.
    You may obtain a copy of the License at
    
    http://www.apache.org/licenses/LICENSE-2.0
    
    Unless required by applicable law or agreed to in writing, software
    distributed under the License is distributed on an "AS IS"
    BASIS, WITHOUT WARRANTIES OR CONDITIONS OF ANY KIND, either express or implied.
    See the License for the specific language governing permissions and
    limitations under the License.
-->
<sv:node sv:name="test" 
  xmlns:sv="http://www.jcp.org/jcr/sv/1.0"
  xmlns:nt="http://www.jcp.org/jcr/nt/1.0" 
  xmlns:jcr="http://www.jcp.org/jcr/1.0"
  xmlns:xs="http://www.w3.org/2001/XMLSchema" 
  xmlns:mix="http://www.jcp.org/jcr/mix/1.0">
  
  <sv:property sv:name="jcr:primaryType" sv:type="Name">
    <sv:value>hippo:namespace</sv:value>
  </sv:property>
  <sv:property sv:name="jcr:mixinTypes" sv:type="Name">
    <sv:value>mix:referenceable</sv:value>
  </sv:property>

  <!-- "test:test"-->
  <sv:node sv:name="test">
    <sv:property sv:name="jcr:primaryType" sv:type="Name">
      <sv:value>hippo:templatetype</sv:value>
    </sv:property>

    <sv:node sv:name="hippo:nodetype">
      <sv:property sv:name="jcr:primaryType" sv:type="Name">
        <sv:value>hippo:handle</sv:value>
      </sv:property>
      <sv:node sv:name="hippo:nodetype">
        <sv:property sv:name="jcr:primaryType" sv:type="Name">
          <sv:value>hippo:nodetype</sv:value>
        </sv:property>
        <sv:property sv:name="jcr:mixinTypes" sv:type="Name">
          <sv:value>hippo:remodel</sv:value>
        </sv:property>
        <sv:property sv:name="hippo:uri" sv:type="String">
          <sv:value>http://www.hippoecm.org/frontend/test/nt/0.1</sv:value>
        </sv:property>
        
        <!-- title -->
        <sv:node sv:name="hippo:field">
          <sv:property sv:name="jcr:primaryType" sv:type="Name">
            <sv:value>hippo:field</sv:value>
          </sv:property>
          <sv:property sv:name="hippo:name" sv:type="String">
            <sv:value>title</sv:value>
          </sv:property>
          <sv:property sv:name="hippo:type" sv:type="String">
            <sv:value>String</sv:value>
          </sv:property>
          <sv:property sv:name="hippo:path" sv:type="String">
            <sv:value>test:title</sv:value>
          </sv:property>
        </sv:node>

        <!-- child -->
        <sv:node sv:name="hippo:field">
          <sv:property sv:name="jcr:primaryType" sv:type="Name">
            <sv:value>hippo:field</sv:value>
          </sv:property>
          <sv:property sv:name="hippo:name" sv:type="String">
            <sv:value>child</sv:value>
          </sv:property>
          <sv:property sv:name="hippo:type" sv:type="String">
            <sv:value>nt:unstructured</sv:value>
          </sv:property>
          <sv:property sv:name="hippo:path" sv:type="String">
            <sv:value>test:child</sv:value>
          </sv:property>
        </sv:node>

      </sv:node>
    </sv:node>

  </sv:node>
  <!-- end "test:test"-->

</sv:node>
